<?xml version="1.0" encoding="UTF-8"?>
<testsuite name="TestComparison" tests="2" skipped="0" failures="0" errors="0" timestamp="2019-06-04T09:10:26" hostname="myx-mbp-1164.local" time="0.004">
  <properties/>
  <testcase name="testAfter" classname="TestComparison" time="0.003"/>
  <testcase name="testBefore" classname="TestComparison" time="0.001"/>
  <system-out><![CDATA[]]></system-out>
  <system-err><![CDATA[]]></system-err>
</testsuite>
