<?xml version="1.0" encoding="UTF-8"?>
<testsuite name="TestExtensionFunctions" tests="2" skipped="0" failures="0" errors="0" timestamp="2019-06-04T04:36:43" hostname="myx-mbp-1164.local" time="0.007">
  <properties/>
  <testcase name="testPairExtension" classname="TestExtensionFunctions" time="0.003"/>
  <testcase name="testIntExtension" classname="TestExtensionFunctions" time="0.004"/>
  <system-out><![CDATA[aaa kkkkkkkk
]]></system-out>
  <system-err><![CDATA[]]></system-err>
</testsuite>
