<?xml version="1.0" encoding="UTF-8"?>
<testsuite name="TestLambdas" tests="2" skipped="0" failures="0" errors="0" timestamp="2019-06-03T13:00:18" hostname="myx-mbp-1164.local" time="0.021">
  <properties/>
  <testcase name="contains" classname="TestLambdas" time="0.02"/>
  <testcase name="notContains" classname="TestLambdas" time="0.0"/>
  <system-out><![CDATA[]]></system-out>
  <system-err><![CDATA[]]></system-err>
</testsuite>
