<?xml version="1.0" encoding="UTF-8"?>
<testsuite name="TestSmartCasts" tests="3" skipped="0" failures="0" errors="0" timestamp="2019-06-04T02:03:20" hostname="myx-mbp-1164.local" time="0.007">
  <properties/>
  <testcase name="testNum" classname="TestSmartCasts" time="0.005"/>
  <testcase name="testSum" classname="TestSmartCasts" time="0.0"/>
  <testcase name="testRecursion" classname="TestSmartCasts" time="0.0"/>
  <system-out><![CDATA[]]></system-out>
  <system-err><![CDATA[]]></system-err>
</testsuite>
