<?xml version="1.0" encoding="UTF-8"?>
<testsuite name="TestDataClasses" tests="1" skipped="0" failures="0" errors="0" timestamp="2019-06-03T13:19:03" hostname="myx-mbp-1164.local" time="0.024">
  <properties/>
  <testcase name="testListOfPeople" classname="TestDataClasses" time="0.024"/>
  <system-out><![CDATA[]]></system-out>
  <system-err><![CDATA[]]></system-err>
</testsuite>
