<?xml version="1.0" encoding="UTF-8"?>
<testsuite name="TestObjectExpressions" tests="1" skipped="0" failures="0" errors="0" timestamp="2019-06-04T09:04:50" hostname="myx-mbp-1164.local" time="0.021">
  <properties/>
  <testcase name="testSort" classname="TestObjectExpressions" time="0.021"/>
  <system-out><![CDATA[]]></system-out>
  <system-err><![CDATA[]]></system-err>
</testsuite>
