<?xml version="1.0" encoding="UTF-8"?>
<testsuite name="TestSamConversions" tests="1" skipped="0" failures="0" errors="0" timestamp="2019-06-04T07:27:04" hostname="myx-mbp-1164.local" time="0.024">
  <properties/>
  <testcase name="testSort" classname="TestSamConversions" time="0.024"/>
  <system-out><![CDATA[]]></system-out>
  <system-err><![CDATA[]]></system-err>
</testsuite>
