<?xml version="1.0" encoding="UTF-8"?>
<testsuite name="TestForLoop" tests="2" skipped="0" failures="0" errors="0" timestamp="2019-06-04T10:22:27" hostname="myx-mbp-1164.local" time="0.026">
  <properties/>
  <testcase name="testIterateOverDateRange" classname="TestForLoop" time="0.025"/>
  <testcase name="testIterateOverEmptyRange" classname="TestForLoop" time="0.001"/>
  <system-out><![CDATA[]]></system-out>
  <system-err><![CDATA[]]></system-err>
</testsuite>
