<?xml version="1.0" encoding="UTF-8"?>
<testsuite name="TestNamedArguments" tests="1" skipped="0" failures="0" errors="0" timestamp="2019-06-03T11:13:14" hostname="myx-mbp-1164.local" time="0.053">
  <properties/>
  <testcase name="testJoinToString" classname="TestNamedArguments" time="0.053"/>
  <system-out><![CDATA[]]></system-out>
  <system-err><![CDATA[]]></system-err>
</testsuite>
